This is XeTeX, Version 3.14159265-2.6-0.99991 (MiKTeX 2.9) (preloaded format=xelatex 2015.5.25)  17 OCT 2016 12:58
entering extended mode
**Theorie_Jena.tex
(Theorie_Jena.tex
LaTeX2e <2015/01/01>
Babel <3.9l> and hyphenation patterns for 69 languages loaded.
(C:\Users\ruoss\AppData\Roaming\MiKTeX\2.9\tex\latex\koma-script\scrreprt.cls
Document Class: scrreprt 2015/07/02 v3.18 KOMA-Script document class (report)
(C:\Users\ruoss\AppData\Roaming\MiKTeX\2.9\tex\latex\koma-script\scrkbase.sty
Package: scrkbase 2015/07/02 v3.18 KOMA-Script package (KOMA-Script-dependent b
asics and keyval usage)

(C:\Users\ruoss\AppData\Roaming\MiKTeX\2.9\tex\latex\koma-script\scrbase.sty
Package: scrbase 2015/07/02 v3.18 KOMA-Script package (KOMA-Script-independent 
basics and keyval usage)

("C:\Program Files (x86)\MiKTeX 2.9\tex\latex\graphics\keyval.sty"
Package: keyval 2014/10/28 v1.15 key=value parser (DPC)
\KV@toks@=\toks14
)
(C:\Users\ruoss\AppData\Roaming\MiKTeX\2.9\tex\latex\koma-script\scrlfile.sty
Package: scrlfile 2015/07/02 v3.18 KOMA-Script package (loading files)

Package scrlfile, 2015/07/02 v3.18 KOMA-Script package (loading files)
                  Copyright (C) Markus Kohm

)))
(C:\Users\ruoss\AppData\Roaming\MiKTeX\2.9\tex\latex\koma-script\tocbasic.sty
Package: tocbasic 2015/07/02 v3.18 KOMA-Script package (handling toc-files)
)
Package tocbasic Info: omitting babel extension for `toc'
(tocbasic)             because of feature `nobabel' available
(tocbasic)             for `toc' on input line 125.
Package tocbasic Info: omitting babel extension for `lof'
(tocbasic)             because of feature `nobabel' available
(tocbasic)             for `lof' on input line 126.
Package tocbasic Info: omitting babel extension for `lot'
(tocbasic)             because of feature `nobabel' available
(tocbasic)             for `lot' on input line 127.
Package tocbasic Info: defining new hook before heading of `' on input line 158
2.
Package scrreprt Info: You've used standard option `12pt'.
(scrreprt)             This is correct!
(scrreprt)             Internally I'm using `fontsize=12pt'.
(scrreprt)             If you'd like to set the option with \KOMAoptions,
(scrreprt)             you'd have to use `fontsize=12pt' there
(scrreprt)             instead of `12pt', too.
Class scrreprt Info: You've used standard option `openright'.
(scrreprt)           This is correct!
(scrreprt)           Internally I'm using `open=right'.
(scrreprt)           If you'd like to set the option with \KOMAoptions,
(scrreprt)           you'd have to use `open=right' there
(scrreprt)           instead of `openright', too.
Class scrreprt Info: File `scrsize12pt.clo' used to setup font sizes on input l
ine 2242.

(C:\Users\ruoss\AppData\Roaming\MiKTeX\2.9\tex\latex\koma-script\scrsize12pt.cl
o
File: scrsize12pt.clo 2015/07/02 v3.18 KOMA-Script font size class option (12pt
)
Requested font "cmr12" at 12.0pt
)
(C:\Users\ruoss\AppData\Roaming\MiKTeX\2.9\tex\latex\koma-script\typearea.sty
Package: typearea 2015/07/02 v3.18 KOMA-Script package (type area)

Package typearea, 2015/07/02 v3.18 KOMA-Script package (type area)
                  Copyright (C) Frank Neukam, 1992-1994
                  Copyright (C) Markus Kohm, 1994-

\ta@bcor=\skip41
\ta@div=\count80
Package typearea Info: You've used standard option `a4paper'.
(typearea)             This is correct!
(typearea)             Internally I'm using `paper=a4'.
(typearea)             If you'd like to set the option with \KOMAoptions,
(typearea)             you'd have to use `paper=a4' there
(typearea)             instead of `a4paper', too.
\ta@hblk=\skip42
\ta@vblk=\skip43
\ta@temp=\skip44
\footheight=\skip45
Package typearea Info: These are the values describing the layout:
(typearea)             DIV  = 12
(typearea)             BCOR = 17.07164pt
(typearea)             \paperwidth      = 597.50793pt
(typearea)              \textwidth      = 435.32722pt
(typearea)              DIV departure   = -3%
(typearea)              \evensidemargin = 24.46939pt
(typearea)              \oddsidemargin  = -6.82866pt
(typearea)             \paperheight     = 845.04694pt
(typearea)              \textheight     = 606.5pt
(typearea)              \topmargin      = -1.84941pt
(typearea)              \headheight     = 18.125pt
(typearea)              \headsep        = 21.75pt
(typearea)              \topskip        = 12.0pt
(typearea)              \footskip       = 50.75pt
(typearea)              \baselineskip   = 14.5pt
(typearea)              on input line 1506.
)
\c@part=\count81
\c@chapter=\count82
\c@section=\count83
\c@subsection=\count84
\c@subsubsection=\count85
\c@paragraph=\count86
\c@subparagraph=\count87
LaTeX Info: Redefining \textsubscript on input line 4545.
\abovecaptionskip=\skip46
\belowcaptionskip=\skip47
\c@pti@nb@sid@b@x=\box26
\c@figure=\count88
\c@table=\count89
\bibindent=\dimen102
) ("C:\Program Files (x86)\MiKTeX 2.9\tex\latex\fontspec\fontspec.sty"
Package: fontspec 2015/03/14 v2.4c Font selection for XeLaTeX and LuaLaTeX

(C:\Users\ruoss\AppData\Roaming\MiKTeX\2.9\tex\latex\l3kernel\expl3.sty
Package: expl3 2015/03/01 v5547 L3 programming layer (loader) 

(C:\Users\ruoss\AppData\Roaming\MiKTeX\2.9\tex\latex\l3kernel\expl3-code.tex
Package: expl3 2015/03/01 v5547 L3 programming layer (code) 
L3 Module: l3bootstrap 2015/02/28 v5542 L3 Bootstrap code
L3 Module: l3names 2015/02/24 v5535 L3 Namespace for primitives
L3 Module: l3basics 2015/01/27 v5500 L3 Basic definitions
L3 Module: l3expan 2014/11/27 v5472 L3 Argument expansion
L3 Module: l3tl 2015/01/27 v5500 L3 Token lists
L3 Module: l3str 2015/03/01 v5545 L3 Strings
L3 Module: l3seq 2014/08/23 v5354 L3 Sequences and stacks
L3 Module: l3int 2015/02/21 v5529 L3 Integers
\c_max_int=\count90
\l_tmpa_int=\count91
\l_tmpb_int=\count92
\g_tmpa_int=\count93
\g_tmpb_int=\count94
L3 Module: l3quark 2014/08/23 v5354 L3 Quarks
L3 Module: l3prg 2014/08/23 v5354 L3 Control structures
\g__prg_map_int=\count95
L3 Module: l3clist 2014/08/23 v5354 L3 Comma separated lists
L3 Module: l3token 2014/09/15 v5422 L3 Experimental token manipulation
L3 Module: l3prop 2014/08/23 v5354 L3 Property lists
L3 Module: l3msg 2015/02/26 v5537 L3 Messages
L3 Module: l3file 2014/08/24 v5369 L3 File and I/O operations
\l_iow_line_count_int=\count96
\l__iow_target_count_int=\count97
\l__iow_current_line_int=\count98
\l__iow_current_word_int=\count99
\l__iow_current_indentation_int=\count100
L3 Module: l3skip 2014/08/23 v5354 L3 Dimensions and skips
\c_zero_dim=\dimen103
\c_max_dim=\dimen104
\l_tmpa_dim=\dimen105
\l_tmpb_dim=\dimen106
\g_tmpa_dim=\dimen107
\g_tmpb_dim=\dimen108
\c_zero_skip=\skip48
\c_max_skip=\skip49
\l_tmpa_skip=\skip50
\l_tmpb_skip=\skip51
\g_tmpa_skip=\skip52
\g_tmpb_skip=\skip53
\c_zero_muskip=\muskip10
\c_max_muskip=\muskip11
\l_tmpa_muskip=\muskip12
\l_tmpb_muskip=\muskip13
\g_tmpa_muskip=\muskip14
\g_tmpb_muskip=\muskip15
L3 Module: l3keys 2015/01/27 v5500 L3 Key-value interfaces
\g__keyval_level_int=\count101
\l_keys_choice_int=\count102
L3 Module: l3fp 2014/08/22 v5336 L3 Floating points
\c__fp_leading_shift_int=\count103
\c__fp_middle_shift_int=\count104
\c__fp_trailing_shift_int=\count105
\c__fp_big_leading_shift_int=\count106
\c__fp_big_middle_shift_int=\count107
\c__fp_big_trailing_shift_int=\count108
\c__fp_Bigg_leading_shift_int=\count109
\c__fp_Bigg_middle_shift_int=\count110
\c__fp_Bigg_trailing_shift_int=\count111
L3 Module: l3box 2014/08/23 v5354 L3 Experimental boxes
\c_empty_box=\box27
\l_tmpa_box=\box28
\l_tmpb_box=\box29
\g_tmpa_box=\box30
\g_tmpb_box=\box31
L3 Module: l3coffins 2014/08/23 v5354 L3 Coffin code layer
\l__coffin_internal_box=\box32
\l__coffin_internal_dim=\dimen109
\l__coffin_offset_x_dim=\dimen110
\l__coffin_offset_y_dim=\dimen111
\l__coffin_x_dim=\dimen112
\l__coffin_y_dim=\dimen113
\l__coffin_x_prime_dim=\dimen114
\l__coffin_y_prime_dim=\dimen115
\c_empty_coffin=\box33
\l__coffin_aligned_coffin=\box34
\l__coffin_aligned_internal_coffin=\box35
\l_tmpa_coffin=\box36
\l_tmpb_coffin=\box37
\l__coffin_display_coffin=\box38
\l__coffin_display_coord_coffin=\box39
\l__coffin_display_pole_coffin=\box40
\l__coffin_display_offset_dim=\dimen116
\l__coffin_display_x_dim=\dimen117
\l__coffin_display_y_dim=\dimen118
L3 Module: l3color 2014/08/23 v5354 L3 Experimental color support
L3 Module: l3candidates 2015/03/01 v5544 L3 Experimental additions to l3kernel
\l__box_top_dim=\dimen119
\l__box_bottom_dim=\dimen120
\l__box_left_dim=\dimen121
\l__box_right_dim=\dimen122
\l__box_top_new_dim=\dimen123
\l__box_bottom_new_dim=\dimen124
\l__box_left_new_dim=\dimen125
\l__box_right_new_dim=\dimen126
\l__box_internal_box=\box41
\l__coffin_bounding_shift_dim=\dimen127
\l__coffin_left_corner_dim=\dimen128
\l__coffin_right_corner_dim=\dimen129
\l__coffin_bottom_corner_dim=\dimen130
\l__coffin_top_corner_dim=\dimen131
\l__coffin_scaled_total_height_dim=\dimen132
\l__coffin_scaled_width_dim=\dimen133
)
(C:\Users\ruoss\AppData\Roaming\MiKTeX\2.9\tex\latex\l3kernel\l3unicode-data.de
f
File: l3unicode-data.def 2015/03/01 v5544 L3 Unicode data
)
(C:\Users\ruoss\AppData\Roaming\MiKTeX\2.9\tex\latex\l3kernel\l3xdvipdfmx.def
File: l3xdvidpfmx.def 2015/03/01 v5544 L3 Experimental driver: xdvipdfmx
))
(C:\Users\ruoss\AppData\Roaming\MiKTeX\2.9\tex\latex\l3packages\xparse\xparse.s
ty
Package: xparse 2014/11/25 v5471 L3 Experimental document command parser
\l__xparse_current_arg_int=\count112
\l__xparse_m_args_int=\count113
\l__xparse_mandatory_args_int=\count114
\l__xparse_processor_int=\count115
\l__xparse_v_nesting_int=\count116
)
\l_fontspec_script_int=\count117
\l_fontspec_language_int=\count118
\l_fontspec_strnum_int=\count119
\l__fontspec_tmpa_dim=\dimen134
\l__fontspec_tmpb_dim=\dimen135
\l__fontspec_tmpc_dim=\dimen136
Variant \tl_gset:cV already defined; not changing it on line 71
 ("C:\Program Files (x86)\MiKTeX 2.9\tex\latex\fontspec\fontspec-patches.sty"
Package: fontspec-patches 2015/03/14 v2.4c Font selection for XeLaTeX and LuaLa
TeX
LaTeX Info: Redefining \em on input line 49.
LaTeX Info: Redefining \emph on input line 57.
LaTeX Info: Redefining \- on input line 60.
.................................................
. LaTeX info: "xparse/redefine-command"
. 
. Redefining command \oldstylenums with sig. 'm' on line 155.
.................................................
.................................................
. LaTeX info: "xparse/define-command"
. 
. Defining command \liningnums with sig. 'm' on line 159.
.................................................
) ("C:\Program Files (x86)\MiKTeX 2.9\tex\latex\fontspec\fontspec-xetex.sty"
Package: fontspec-xetex 2015/03/14 v2.4c Font selection for XeLaTeX and LuaLaTe
X

("C:\Program Files (x86)\MiKTeX 2.9\tex\latex\base\fontenc.sty"
Package: fontenc 2005/09/27 v1.99g Standard LaTeX package

("C:\Program Files (x86)\MiKTeX 2.9\tex\latex\euenc\eu1enc.def"
File: eu1enc.def 2010/05/27 v0.1h Experimental Unicode font encodings
)
LaTeX Font Info:    Try loading font information for EU1+lmr on input line 105.


("C:\Program Files (x86)\MiKTeX 2.9\tex\latex\euenc\eu1lmr.fd"
File: eu1lmr.fd 2009/10/30 v1.6 Font defs for Latin Modern
)
Requested font "[lmroman10-regular]:mapping=tex-text" at 10.0pt
 -> C:/Program Files (x86)/MiKTeX 2.9/fonts/opentype/public/lm/lmroman10-regula
r.otf
)
("C:\Program Files (x86)\MiKTeX 2.9\tex\xelatex\xunicode\xunicode.sty"
File: xunicode.sty 2011/09/09 v0.981 provides access to latin accents and many 
other characters in Unicode lower plane

(C:\Users\ruoss\AppData\Roaming\MiKTeX\2.9\tex\latex\tipa\t3enc.def
File: t3enc.def 2001/12/31 T3 encoding
Requested font "[lmromanslant10-regular]:mapping=tex-text" at 10.0pt
 -> C:/Program Files (x86)/MiKTeX 2.9/fonts/opentype/public/lm/lmromanslant10-r
egular.otf
Requested font "[lmroman10-italic]:mapping=tex-text" at 10.0pt
 -> C:/Program Files (x86)/MiKTeX 2.9/fonts/opentype/public/lm/lmroman10-italic
.otf
Requested font "[lmroman10-bold]:mapping=tex-text" at 10.0pt
 -> C:/Program Files (x86)/MiKTeX 2.9/fonts/opentype/public/lm/lmroman10-bold.o
tf
LaTeX Font Info:    Try loading font information for EU1+lmss on input line 357
.

("C:\Program Files (x86)\MiKTeX 2.9\tex\latex\euenc\eu1lmss.fd"
File: eu1lmss.fd 2009/10/30 v1.6 Font defs for Latin Modern
)
Requested font "[lmsans10-regular]:mapping=tex-text" at 10.0pt
 -> C:/Program Files (x86)/MiKTeX 2.9/fonts/opentype/public/lm/lmsans10-regular
.otf
)
\tipaTiiicode=\count120
\tipasavetokens=\toks15
\tipachecktokens=\toks16

("C:\Program Files (x86)\MiKTeX 2.9\tex\latex\graphics\graphicx.sty"
Package: graphicx 2014/10/28 v1.0g Enhanced LaTeX Graphics (DPC,SPQR)

("C:\Program Files (x86)\MiKTeX 2.9\tex\latex\graphics\graphics.sty"
Package: graphics 2014/10/28 v1.0p Standard LaTeX Graphics (DPC,SPQR)

("C:\Program Files (x86)\MiKTeX 2.9\tex\latex\graphics\trig.sty"
Package: trig 1999/03/16 v1.09 sin cos tan (DPC)
)
("C:\Program Files (x86)\MiKTeX 2.9\tex\latex\00miktex\graphics.cfg"
File: graphics.cfg 2007/01/18 v1.5 graphics configuration of teTeX/TeXLive
)
Package graphics Info: Driver file: xetex.def on input line 94.

(C:\Users\ruoss\AppData\Roaming\MiKTeX\2.9\tex\xelatex\xetex-def\xetex.def
File: xetex.def 2015/03/25 v4.04 LaTeX color/graphics driver for XeTeX (TeX Liv
e/RRM/JK)
))
\Gin@req@height=\dimen137
\Gin@req@width=\dimen138
))
.................................................
. LaTeX info: "xparse/define-command"
. 
. Defining command \__fontspec_post_arg:w with sig. 'mmO{}' on line 42.
.................................................
.................................................
. LaTeX info: "xparse/define-command"
. 
. Defining command \fontspec with sig. 'om' on line 44.
.................................................
.................................................
. LaTeX info: "xparse/define-command"
. 
. Defining command \setmainfont with sig. 'om' on line 54.
.................................................
.................................................
. LaTeX info: "xparse/define-command"
. 
. Defining command \setsansfont with sig. 'om' on line 64.
.................................................
.................................................
. LaTeX info: "xparse/define-command"
. 
. Defining command \setmonofont with sig. 'om' on line 74.
.................................................
.................................................
. LaTeX info: "xparse/define-command"
. 
. Defining command \setmathrm with sig. 'om' on line 88.
.................................................
.................................................
. LaTeX info: "xparse/define-command"
. 
. Defining command \setboldmathrm with sig. 'om' on line 96.
.................................................
.................................................
. LaTeX info: "xparse/define-command"
. 
. Defining command \setmathsf with sig. 'om' on line 104.
.................................................
.................................................
. LaTeX info: "xparse/define-command"
. 
. Defining command \setmathtt with sig. 'om' on line 112.
.................................................
.................................................
. LaTeX info: "xparse/define-command"
. 
. Defining command \newfontfamily with sig. 'mom' on line 126.
.................................................
.................................................
. LaTeX info: "xparse/define-command"
. 
. Defining command \newfontface with sig. 'mom' on line 141.
.................................................
.................................................
. LaTeX info: "xparse/define-command"
. 
. Defining command \defaultfontfeatures with sig. 't+om' on line 155.
.................................................
.................................................
. LaTeX info: "xparse/define-command"
. 
. Defining command \addfontfeatures with sig. 'm' on line 210.
.................................................
.................................................
. LaTeX info: "xparse/define-command"
. 
. Defining command \newfontfeature with sig. 'mm' on line 221.
.................................................
.................................................
. LaTeX info: "xparse/define-command"
. 
. Defining command \newAATfeature with sig. 'mmmm' on line 229.
.................................................
.................................................
. LaTeX info: "xparse/define-command"
. 
. Defining command \newopentypefeature with sig. 'mmm' on line 237.
.................................................
.................................................
. LaTeX info: "xparse/define-command"
. 
. Defining command \aliasfontfeature with sig. 'mm' on line 261.
.................................................
.................................................
. LaTeX info: "xparse/define-command"
. 
. Defining command \aliasfontfeatureoption with sig. 'mmm' on line 270.
.................................................
.................................................
. LaTeX info: "xparse/define-command"
. 
. Defining command \newfontscript with sig. 'mm' on line 275.
.................................................
.................................................
. LaTeX info: "xparse/define-command"
. 
. Defining command \newfontlanguage with sig. 'mm' on line 301.
.................................................
.................................................
. LaTeX info: "xparse/define-command"
. 
. Defining command \DeclareFontsExtensions with sig. 'm' on line 321.
.................................................
Variant \prop_gput:cnV already defined; not changing it on line 704
Variant \prop_gput:cnx already defined; not changing it on line 705
\l__fontspec_tmp_int=\count121
LaTeX Info: Redefining \itshape on input line 2232.
LaTeX Info: Redefining \slshape on input line 2237.
LaTeX Info: Redefining \scshape on input line 2242.
LaTeX Info: Redefining \upshape on input line 2247.

("C:\Program Files (x86)\MiKTeX 2.9\tex\latex\fontspec\fontspec.cfg")))
\g__file_internal_ior=\read1
Requested font "Times New Roman" at 10.0pt
 -> í
Requested font "Times New Roman/OT" at 10.0pt
 -> ã
\g__fontspec_family_TimesNewRoman_int=\count122
Requested font "Times New Roman/BI/OT" at 10.0pt
 -> Ù
Requested font "Times New Roman/B/OT" at 10.0pt
 -> Ï
Requested font "Times New Roman/I/OT" at 10.0pt
 -> Å
Requested font "[lmroman12-regular]:mapping=tex-text" at 12.0pt
 -> C:/Program Files (x86)/MiKTeX 2.9/fonts/opentype/public/lm/lmroman12-regula
r.otf
Requested font "Times New Roman/B/OT" at 10.0pt
 -> ±
Requested font "Times New Roman/B/OT" at 10.0pt
 -> ¶
Requested font "Times New Roman/I/OT" at 10.0pt
 -> ±
Requested font "Times New Roman/I/OT" at 10.0pt
 -> ¶
Requested font "Times New Roman/BI/OT" at 10.0pt
 -> ±
Requested font "Times New Roman/BI/OT" at 10.0pt
 -> ¶
.................................................
. fontspec info: "defining-font"
. 
. Font family 'TimesNewRoman(0)' created for font 'Times New Roman' with
. options [Mapping=tex-text,Ligatures=TeX].
. 
. This font family consists of the following shapes:
. 
. * 'normal' with NFSS spec.:
. <->"Times New
. Roman/OT:script=latn;language=DFLT;mapping=tex-text;mapping=tex-text;"
. 
. * 'small caps' with NFSS spec.:
. 
. and font adjustment code:
. 
. 
. * 'bold' with NFSS spec.:
. <->"Times New
. Roman/B/OT:script=latn;language=DFLT;mapping=tex-text;mapping=tex-text;"
. 
. * 'bold small caps' with NFSS spec.:
. 
. and font adjustment code:
. 
. 
. * 'italic' with NFSS spec.:
. <->"Times New
. Roman/I/OT:script=latn;language=DFLT;mapping=tex-text;mapping=tex-text;"
. 
. * 'small caps' with NFSS spec.:
. 
. and font adjustment code:
. 
. 
. * 'bold italic' with NFSS spec.:
. <->"Times New
. Roman/BI/OT:script=latn;language=DFLT;mapping=tex-text;mapping=tex-text;"
. 
. * 'bold small caps' with NFSS spec.:
. 
. and font adjustment code:
. 
.................................................
Requested font "Times New Roman/OT:script=latn;language=DFLT;mapping=tex-text;m
apping=tex-text;" at 10.0pt
 -> ±

(C:\Users\ruoss\AppData\Roaming\MiKTeX\2.9\tex\latex\preprint\fullpage.sty
Package: fullpage 1999/02/23 1.1 (PWD)
\FP@margin=\skip54
)
("C:\Program Files (x86)\MiKTeX 2.9\tex\latex\tools\array.sty"
Package: array 2014/10/28 v2.4c Tabular extension package (FMi)
\col@sep=\dimen139
\extrarowheight=\dimen140
\NC@list=\toks17
\extratabsurround=\skip55
\backup@length=\skip56
)
("C:\Program Files (x86)\MiKTeX 2.9\tex\latex\amsmath\amsmath.sty"
Package: amsmath 2013/01/14 v2.14 AMS math features
\@mathmargin=\skip57

For additional information on amsmath, use the `?' option.
("C:\Program Files (x86)\MiKTeX 2.9\tex\latex\amsmath\amstext.sty"
Package: amstext 2000/06/29 v2.01

("C:\Program Files (x86)\MiKTeX 2.9\tex\latex\amsmath\amsgen.sty"
File: amsgen.sty 1999/11/30 v2.0
\@emptytoks=\toks18
\ex@=\dimen141
))
("C:\Program Files (x86)\MiKTeX 2.9\tex\latex\amsmath\amsbsy.sty"
Package: amsbsy 1999/11/29 v1.2d
\pmbraise@=\dimen142
)
("C:\Program Files (x86)\MiKTeX 2.9\tex\latex\amsmath\amsopn.sty"
Package: amsopn 1999/12/14 v2.01 operator names
)
\inf@bad=\count123
LaTeX Info: Redefining \frac on input line 210.
\uproot@=\count124
\leftroot@=\count125
LaTeX Info: Redefining \overline on input line 306.
\classnum@=\count126
\DOTSCASE@=\count127
LaTeX Info: Redefining \ldots on input line 378.
LaTeX Info: Redefining \dots on input line 381.
LaTeX Info: Redefining \cdots on input line 466.
\Mathstrutbox@=\box42
\strutbox@=\box43
\big@size=\dimen143
LaTeX Font Info:    Redeclaring font encoding OML on input line 566.
LaTeX Font Info:    Redeclaring font encoding OMS on input line 567.
\macc@depth=\count128
\c@MaxMatrixCols=\count129
\dotsspace@=\muskip16
\c@parentequation=\count130
\dspbrk@lvl=\count131
\tag@help=\toks19
\row@=\count132
\column@=\count133
\maxfields@=\count134
\andhelp@=\toks20
\eqnshift@=\dimen144
\alignsep@=\dimen145
\tagshift@=\dimen146
\tagwidth@=\dimen147
\totwidth@=\dimen148
\lineht@=\dimen149
\@envbody=\toks21
\multlinegap=\skip58
\multlinetaggap=\skip59
\mathdisplay@stack=\toks22
LaTeX Info: Redefining \[ on input line 2665.
LaTeX Info: Redefining \] on input line 2666.
)
("C:\Program Files (x86)\MiKTeX 2.9\tex\latex\amsfonts\amssymb.sty"
Package: amssymb 2013/01/14 v3.01 AMS font symbols

("C:\Program Files (x86)\MiKTeX 2.9\tex\latex\amsfonts\amsfonts.sty"
Package: amsfonts 2013/01/14 v3.01 Basic AMSFonts support
\symAMSa=\mathgroup4
\symAMSb=\mathgroup5
LaTeX Font Info:    Overwriting math alphabet `\mathfrak' in version `bold'
(Font)                  U/euf/m/n --> U/euf/b/n on input line 106.
))
(C:\Users\ruoss\AppData\Roaming\MiKTeX\2.9\tex\latex\subfig\subfig.sty
Package: subfig 2005/06/28 ver: 1.3 subfig package

(C:\Users\ruoss\AppData\Roaming\MiKTeX\2.9\tex\latex\caption\caption.sty
Package: caption 2013/05/02 v3.3-89 Customizing captions (AR)

(C:\Users\ruoss\AppData\Roaming\MiKTeX\2.9\tex\latex\caption\caption3.sty
Package: caption3 2013/05/02 v1.6-88 caption3 kernel (AR)
Package caption3 Info: TeX engine: e-TeX on input line 57.
\captionmargin=\dimen150
\captionmargin@=\dimen151
\captionwidth=\dimen152
\caption@tempdima=\dimen153
\caption@indent=\dimen154
\caption@parindent=\dimen155
\caption@hangindent=\dimen156
)
Package caption Info: KOMA-Script document class.
\c@ContinuedFloat=\count135
)
\c@KVtest=\count136
\sf@farskip=\skip60
\sf@captopadj=\dimen157
\sf@capskip=\skip61
\sf@nearskip=\skip62
\c@subfigure=\count137
\c@subfigure@save=\count138
\c@lofdepth=\count139
\c@subtable=\count140
\c@subtable@save=\count141
\c@lotdepth=\count142
\sf@top=\skip63
\sf@bottom=\skip64
)
("C:\Program Files (x86)\MiKTeX 2.9\tex\latex\tools\longtable.sty"
Package: longtable 2014/10/28 v4.11 Multi-page Table package (DPC)
\LTleft=\skip65
\LTright=\skip66
\LTpre=\skip67
\LTpost=\skip68
\LTchunksize=\count143
\LTcapwidth=\dimen158
\LT@head=\box44
\LT@firsthead=\box45
\LT@foot=\box46
\LT@lastfoot=\box47
\LT@cols=\count144
\LT@rows=\count145
\c@LT@tables=\count146
\c@LT@chunks=\count147
\LT@p@ftn=\toks23
)
Class scrreprt Info: longtable captions redefined on input line 11.

("C:\Program Files (x86)\MiKTeX 2.9\tex\latex\base\makeidx.sty"
Package: makeidx 2014/09/29 v1.0m Standard LaTeX package
)
(C:\Users\ruoss\AppData\Roaming\MiKTeX\2.9\tex\latex\placeins\placeins.sty
Package: placeins 2005/04/18  v 2.2
)
("C:\Program Files (x86)\MiKTeX 2.9\tex\latex\float\float.sty"
Package: float 2001/11/08 v1.3d Float enhancements (AL)
\c@float@type=\count148
\float@exts=\toks24
\float@box=\box48
\@float@everytoks=\toks25
\@floatcapt=\box49
)
(C:\Users\ruoss\AppData\Roaming\MiKTeX\2.9\tex\latex\wrapfig\wrapfig.sty
\wrapoverhang=\dimen159
\WF@size=\dimen160
\c@WF@wrappedlines=\count149
\WF@box=\box50
\WF@everypar=\toks26
Package: wrapfig 2003/01/31  v 3.6
)
(C:\Users\ruoss\AppData\Roaming\MiKTeX\2.9\tex\latex\sidecap\sidecap.sty
Package: sidecap 2003/06/06 v1.6f SideCap Package (RN/HjG)

("C:\Program Files (x86)\MiKTeX 2.9\tex\latex\base\ifthen.sty"
Package: ifthen 2014/09/29 v1.1c Standard LaTeX ifthen package (DPC)
)
\SC@BOXWD=\dimen161
\SC@CAPWD=\dimen162
\SC@tempdima=\dimen163
\SC@tempdimb=\dimen164
\c@SC@C=\count150
\SC@BOX=\box51
)
(C:\Users\ruoss\AppData\Roaming\MiKTeX\2.9\tex\latex\pdfpages\pdfpages.sty
Package: pdfpages 2015/04/15 v0.4w Insert pages of external PDF documents (AM)

("C:\Program Files (x86)\MiKTeX 2.9\tex\latex\tools\calc.sty"
Package: calc 2014/10/28 v4.3 Infix arithmetic (KKT,FJ)
\calc@Acount=\count151
\calc@Bcount=\count152
\calc@Adimen=\dimen165
\calc@Bdimen=\dimen166
\calc@Askip=\skip69
\calc@Bskip=\skip70
LaTeX Info: Redefining \setlength on input line 80.
LaTeX Info: Redefining \addtolength on input line 81.
\calc@Ccount=\count153
\calc@Cskip=\skip71
)
(C:\Users\ruoss\AppData\Roaming\MiKTeX\2.9\tex\latex\eso-pic\eso-pic.sty
Package: eso-pic 2013/10/06 v2.0d eso-pic (RN)

("C:\Program Files (x86)\MiKTeX 2.9\tex\generic\oberdiek\atbegshi.sty"
Package: atbegshi 2011/10/05 v1.16 At begin shipout hook (HO)

("C:\Program Files (x86)\MiKTeX 2.9\tex\generic\oberdiek\infwarerr.sty"
Package: infwarerr 2010/04/08 v1.3 Providing info/warning/error messages (HO)
)
("C:\Program Files (x86)\MiKTeX 2.9\tex\generic\oberdiek\ltxcmds.sty"
Package: ltxcmds 2011/11/09 v1.22 LaTeX kernel commands for general use (HO)
)
("C:\Program Files (x86)\MiKTeX 2.9\tex\generic\oberdiek\ifpdf.sty"
Package: ifpdf 2011/01/30 v2.3 Provides the ifpdf switch (HO)
Package ifpdf Info: pdfTeX in PDF mode is not detected.
))
(C:\Users\ruoss\AppData\Roaming\MiKTeX\2.9\tex\latex\xcolor\xcolor.sty
Package: xcolor 2007/01/21 v2.11 LaTeX color extensions (UK)

("C:\Program Files (x86)\MiKTeX 2.9\tex\latex\00miktex\color.cfg"
File: color.cfg 2007/01/18 v1.5 color configuration of teTeX/TeXLive
)
Package xcolor Info: Driver file: xetex.def on input line 225.
Package xcolor Info: Model `cmy' substituted by `cmy0' on input line 1337.
Package xcolor Info: Model `RGB' extended on input line 1353.
Package xcolor Info: Model `HTML' substituted by `rgb' on input line 1355.
Package xcolor Info: Model `Hsb' substituted by `hsb' on input line 1356.
Package xcolor Info: Model `tHsb' substituted by `hsb' on input line 1357.
Package xcolor Info: Model `HSB' substituted by `hsb' on input line 1358.
Package xcolor Info: Model `Gray' substituted by `gray' on input line 1359.
Package xcolor Info: Model `wave' substituted by `hsb' on input line 1360.
))
(C:\Users\ruoss\AppData\Roaming\MiKTeX\2.9\tex\latex\pdfpages\ppxetex.def
File: ppxetex.def 2015/04/15 v0.4w Pdfpages driver for XeTeX (AM)
)
\AM@pagebox=\box52
\AM@toc@title=\toks27
\c@AM@survey=\count154
\AM@templatesizebox=\box53
)
("C:\Program Files (x86)\MiKTeX 2.9\tex\latex\hyperref\hyperref.sty"
Package: hyperref 2012/11/06 v6.83m Hypertext links for LaTeX

("C:\Program Files (x86)\MiKTeX 2.9\tex\generic\oberdiek\hobsub-hyperref.sty"
Package: hobsub-hyperref 2012/04/25 v1.12 Bundle oberdiek, subset hyperref (HO)


("C:\Program Files (x86)\MiKTeX 2.9\tex\generic\oberdiek\hobsub-generic.sty"
Package: hobsub-generic 2012/04/25 v1.12 Bundle oberdiek, subset generic (HO)
Package: hobsub 2012/04/25 v1.12 Construct package bundles (HO)
Package hobsub Info: Skipping package `infwarerr' (already loaded).
Package hobsub Info: Skipping package `ltxcmds' (already loaded).
Package: ifluatex 2010/03/01 v1.3 Provides the ifluatex switch (HO)
Package ifluatex Info: LuaTeX not detected.
Package: ifvtex 2010/03/01 v1.5 Detect VTeX and its facilities (HO)
Package ifvtex Info: VTeX not detected.
Package: intcalc 2007/09/27 v1.1 Expandable calculations with integers (HO)
Package hobsub Info: Skipping package `ifpdf' (already loaded).
Package: etexcmds 2011/02/16 v1.5 Avoid name clashes with e-TeX commands (HO)
Package etexcmds Info: Could not find \expanded.
(etexcmds)             That can mean that you are not using pdfTeX 1.50 or
(etexcmds)             that some package has redefined \expanded.
(etexcmds)             In the latter case, load this package earlier.
Package: kvsetkeys 2012/04/25 v1.16 Key value parser (HO)
Package: kvdefinekeys 2011/04/07 v1.3 Define keys (HO)
Package: pdftexcmds 2011/11/29 v0.20 Utility functions of pdfTeX for LuaTeX (HO
)
Package pdftexcmds Info: LuaTeX not detected.
Package pdftexcmds Info: pdfTeX >= 1.30 not detected.
Package pdftexcmds Info: \pdf@primitive is available.
Package pdftexcmds Info: \pdf@ifprimitive is available.
Package pdftexcmds Info: \pdfdraftmode not found.
Package: pdfescape 2011/11/25 v1.13 Implements pdfTeX's escape features (HO)
Package: bigintcalc 2012/04/08 v1.3 Expandable calculations on big integers (HO
)
Package: bitset 2011/01/30 v1.1 Handle bit-vector datatype (HO)
Package: uniquecounter 2011/01/30 v1.2 Provide unlimited unique counter (HO)
)
Package hobsub Info: Skipping package `hobsub' (already loaded).
Package: letltxmacro 2010/09/02 v1.4 Let assignment for LaTeX macros (HO)
Package: hopatch 2011/06/24 v1.1 Wrapper for package hooks (HO)
Package: xcolor-patch 2011/01/30 xcolor patch
Package: atveryend 2011/06/30 v1.8 Hooks at the very end of document (HO)
Package atveryend Info: \enddocument detected (standard20110627).
Package hobsub Info: Skipping package `atbegshi' (already loaded).
Package: refcount 2011/10/16 v3.4 Data extraction from label references (HO)
Package: hycolor 2011/01/30 v1.7 Color options for hyperref/bookmark (HO)
)
("C:\Program Files (x86)\MiKTeX 2.9\tex\generic\ifxetex\ifxetex.sty"
Package: ifxetex 2010/09/12 v0.6 Provides ifxetex conditional
)
("C:\Program Files (x86)\MiKTeX 2.9\tex\latex\oberdiek\auxhook.sty"
Package: auxhook 2011/03/04 v1.3 Hooks for auxiliary files (HO)
)
("C:\Program Files (x86)\MiKTeX 2.9\tex\latex\oberdiek\kvoptions.sty"
Package: kvoptions 2011/06/30 v3.11 Key value format for package options (HO)
)
\@linkdim=\dimen167
\Hy@linkcounter=\count155
\Hy@pagecounter=\count156

("C:\Program Files (x86)\MiKTeX 2.9\tex\latex\hyperref\pd1enc.def"
File: pd1enc.def 2012/11/06 v6.83m Hyperref: PDFDocEncoding definition (HO)
)
\Hy@SavedSpaceFactor=\count157

("C:\Program Files (x86)\MiKTeX 2.9\tex\latex\00miktex\hyperref.cfg"
File: hyperref.cfg 2002/06/06 v1.2 hyperref configuration of TeXLive
)
Package hyperref Info: Option `colorlinks' set `true' on input line 4319.
Package hyperref Info: Option `pdfpagelabels' set `true' on input line 4319.
Package hyperref Info: Option `bookmarksopen' set `true' on input line 4319.
Package hyperref Info: Option `bookmarksnumbered' set `true' on input line 4319
.
Package hyperref Info: Option `plainpages' set `false' on input line 4319.
Package hyperref Info: Option `hypertexnames' set `false' on input line 4319.
Package hyperref Info: Hyper figures OFF on input line 4443.
Package hyperref Info: Link nesting OFF on input line 4448.
Package hyperref Info: Hyper index ON on input line 4451.
Package hyperref Info: Plain pages OFF on input line 4458.
Package hyperref Info: Backreferencing OFF on input line 4463.
Package hyperref Info: Implicit mode ON; LaTeX internals redefined.
Package hyperref Info: Bookmarks ON on input line 4688.
\c@Hy@tempcnt=\count158

(C:\Users\ruoss\AppData\Roaming\MiKTeX\2.9\tex\latex\url\url.sty
\Urlmuskip=\muskip17
Package: url 2013/09/16  ver 3.4  Verb mode for urls, etc.
)
LaTeX Info: Redefining \url on input line 5041.
\XeTeXLinkMargin=\dimen168
Requested font "pzdr" at 0.00002pt
\Fld@menulength=\count159
\Field@Width=\dimen169
\Fld@charsize=\dimen170
Package hyperref Info: Hyper figures OFF on input line 6295.
Package hyperref Info: Link nesting OFF on input line 6300.
Package hyperref Info: Hyper index ON on input line 6303.
Package hyperref Info: backreferencing OFF on input line 6310.
Package hyperref Info: Link coloring ON on input line 6313.
Package hyperref Info: Link coloring with OCG OFF on input line 6320.
Package hyperref Info: PDF/A mode OFF on input line 6325.
LaTeX Info: Redefining \ref on input line 6365.
LaTeX Info: Redefining \pageref on input line 6369.
\Hy@abspage=\count160
\c@Item=\count161
\c@Hfootnote=\count162
)

Package hyperref Message: Driver (autodetected): hxetex.

("C:\Program Files (x86)\MiKTeX 2.9\tex\latex\hyperref\hxetex.def"
File: hxetex.def 2012/11/06 v6.83m Hyperref driver for XeTeX

("C:\Program Files (x86)\MiKTeX 2.9\tex\latex\hyperref\puenc.def"
File: puenc.def 2012/11/06 v6.83m Hyperref: PDF Unicode definition (HO)
)
("C:\Program Files (x86)\MiKTeX 2.9\tex\generic\oberdiek\stringenc.sty"
Package: stringenc 2011/12/02 v1.10 Convert strings between diff. encodings (HO
)
)
\pdfm@box=\box54
\c@Hy@AnnotLevel=\count163
\HyField@AnnotCount=\count164
\Fld@listcount=\count165
\c@bookmark@seq@number=\count166

("C:\Program Files (x86)\MiKTeX 2.9\tex\latex\oberdiek\rerunfilecheck.sty"
Package: rerunfilecheck 2011/04/15 v1.7 Rerun checks for auxiliary files (HO)
Package rerunfilecheck Info: Feature \pdfmdfivesum is not available
(rerunfilecheck)             (e.g. pdfTeX or LuaTeX with package `pdftexcmds').

(rerunfilecheck)             Therefore file contents cannot be checked efficien
tly
(rerunfilecheck)             and the loading of the package is aborted.
)
\Hy@SectionHShift=\skip72
)
("C:\Program Files (x86)\MiKTeX 2.9\tex\latex\base\fixltx2e.sty"
Package: fixltx2e 2015/02/21 v2.0a fixes to LaTeX (obsolete)


Package fixltx2e Warning: fixltx2e is not required with releases after 2015
(fixltx2e)                All fixes are now in the LaTeX kernel.
(fixltx2e)                See the latexrelease package for details.

)
(C:\Users\ruoss\AppData\Roaming\MiKTeX\2.9\tex\latex\polyglossia\polyglossia.st
y
Package: polyglossia 2014/05/21 v1.33.5 Babel replacement for XeLaTeX and LuaTe
X
 (C:\Users\ruoss\AppData\Roaming\MiKTeX\2.9\tex\latex\etoolbox\etoolbox.sty
Package: etoolbox 2015/03/19 v2.1d e-TeX tools for LaTeX (JAW)
\etb@tempcnta=\count167
)
(C:\Users\ruoss\AppData\Roaming\MiKTeX\2.9\tex\latex\makecmds\makecmds.sty
Package: makecmds 2009/09/03 v1.0a extra command making commands
)
("C:\Program Files (x86)\MiKTeX 2.9\tex\latex\xkeyval\xkeyval.sty"
Package: xkeyval 2014/12/03 v2.7a package option processing (HA)

("C:\Program Files (x86)\MiKTeX 2.9\tex\generic\xkeyval\xkeyval.tex"
("C:\Program Files (x86)\MiKTeX 2.9\tex\generic\xkeyval\xkvutils.tex"
\XKV@toks=\toks28
\XKV@tempa@toks=\toks29
)
\XKV@depth=\count168
File: xkeyval.tex 2014/12/03 v2.7a key=value parser (HA)
))
\xpg@normalclass=\XeTeXintercharclass4
)
(C:\Users\ruoss\AppData\Roaming\MiKTeX\2.9\tex\latex\polyglossia\gloss-german.l
df
File: gloss-german.ldf polyglossia: module for german
 (C:\Users\ruoss\AppData\Roaming\MiKTeX\2.9\tex\latex\polyglossia\babelsh.def
File: babelsh.def 2013/04/30 Babel common definitions for shorthands
 Taken verbatim from babel.def (2013/04/15 v3.9e)
)
Package polyglossia Info: Making " an active character on input line 68.
)
Package polyglossia Info: Default language is german.

(C:\Users\ruoss\AppData\Roaming\MiKTeX\2.9\tex\latex\koma-script\scrpage2.sty
Package: scrpage2 2015/07/02 v3.18 KOMA-Script package (page head and foot)
LaTeX Info: Redefining \pagemark on input line 174.
)
(C:\Users\ruoss\AppData\Roaming\MiKTeX\2.9\tex\latex\setspace\setspace.sty
Package: setspace 2011/12/19 v6.7a set line spacing
)
Requested font "Times New Roman/OT:script=latn;language=DFLT;mapping=tex-text;m
apping=tex-text;" at 12.0pt
 -> ^^8e
Package scrkbase Info: You've told me to extend the font selection of the
(scrkbase)             element `sectioning' that is an alias of element
(scrkbase)             `disposition' on input line 41.

(Theorie_Jena.aux (abstract.aux) (Einleitung.aux))
LaTeX Font Info:    Checking defaults for OML/cmm/m/it on input line 43.
LaTeX Font Info:    ... okay on input line 43.
LaTeX Font Info:    Checking defaults for T1/cmr/m/n on input line 43.
LaTeX Font Info:    ... okay on input line 43.
LaTeX Font Info:    Checking defaults for OT1/cmr/m/n on input line 43.
LaTeX Font Info:    ... okay on input line 43.
LaTeX Font Info:    Checking defaults for OMS/cmsy/m/n on input line 43.
LaTeX Font Info:    ... okay on input line 43.
LaTeX Font Info:    Checking defaults for OMX/cmex/m/n on input line 43.
LaTeX Font Info:    ... okay on input line 43.
LaTeX Font Info:    Checking defaults for U/cmr/m/n on input line 43.
LaTeX Font Info:    ... okay on input line 43.
LaTeX Font Info:    Checking defaults for EU1/lmr/m/n on input line 43.
LaTeX Font Info:    ... okay on input line 43.
LaTeX Font Info:    Checking defaults for T3/cmr/m/n on input line 43.
LaTeX Font Info:    Try loading font information for T3+cmr on input line 43.

(C:\Users\ruoss\AppData\Roaming\MiKTeX\2.9\tex\latex\tipa\t3cmr.fd
File: t3cmr.fd 2001/12/31 TIPA font definitions
)
LaTeX Font Info:    ... okay on input line 43.
LaTeX Font Info:    Checking defaults for PD1/pdf/m/n on input line 43.
LaTeX Font Info:    ... okay on input line 43.
LaTeX Font Info:    Checking defaults for PU/pdf/m/n on input line 43.
LaTeX Font Info:    ... okay on input line 43.
.................................................
. fontspec info: "setup-math"
. 
. Adjusting the maths setup (use [no-math] to avoid this).
.................................................
\symlegacymaths=\mathgroup6
LaTeX Font Info:    Overwriting symbol font `legacymaths' in version `bold'
(Font)                  OT1/cmr/m/n --> OT1/cmr/bx/n on input line 43.
LaTeX Font Info:    Redeclaring math accent \acute on input line 43.
LaTeX Font Info:    Redeclaring math accent \grave on input line 43.
LaTeX Font Info:    Redeclaring math accent \ddot on input line 43.
LaTeX Font Info:    Redeclaring math accent \tilde on input line 43.
LaTeX Font Info:    Redeclaring math accent \bar on input line 43.
LaTeX Font Info:    Redeclaring math accent \breve on input line 43.
LaTeX Font Info:    Redeclaring math accent \check on input line 43.
LaTeX Font Info:    Redeclaring math accent \hat on input line 43.
LaTeX Font Info:    Redeclaring math accent \dot on input line 43.
LaTeX Font Info:    Redeclaring math accent \mathring on input line 43.
LaTeX Font Info:    Redeclaring math symbol \Gamma on input line 43.
LaTeX Font Info:    Redeclaring math symbol \Delta on input line 43.
LaTeX Font Info:    Redeclaring math symbol \Theta on input line 43.
LaTeX Font Info:    Redeclaring math symbol \Lambda on input line 43.
LaTeX Font Info:    Redeclaring math symbol \Xi on input line 43.
LaTeX Font Info:    Redeclaring math symbol \Pi on input line 43.
LaTeX Font Info:    Redeclaring math symbol \Sigma on input line 43.
LaTeX Font Info:    Redeclaring math symbol \Upsilon on input line 43.
LaTeX Font Info:    Redeclaring math symbol \Phi on input line 43.
LaTeX Font Info:    Redeclaring math symbol \Psi on input line 43.
LaTeX Font Info:    Redeclaring math symbol \Omega on input line 43.
LaTeX Font Info:    Redeclaring math symbol \mathdollar on input line 43.
LaTeX Font Info:    Redeclaring symbol font `operators' on input line 43.
LaTeX Font Info:    Encoding `OT1' has changed to `EU1' for symbol font
(Font)              `operators' in the math version `normal' on input line 43.
LaTeX Font Info:    Overwriting symbol font `operators' in version `normal'
(Font)                  OT1/cmr/m/n --> EU1/TimesNewRoman(0)/m/n on input line 
43.
LaTeX Font Info:    Encoding `OT1' has changed to `EU1' for symbol font
(Font)              `operators' in the math version `bold' on input line 43.
LaTeX Font Info:    Overwriting symbol font `operators' in version `bold'
(Font)                  OT1/cmr/bx/n --> EU1/TimesNewRoman(0)/m/n on input line
 43.
LaTeX Font Info:    Overwriting symbol font `operators' in version `normal'
(Font)                  EU1/TimesNewRoman(0)/m/n --> EU1/TimesNewRoman(0)/m/n o
n input line 43.
LaTeX Font Info:    Overwriting math alphabet `\mathit' in version `normal'
(Font)                  OT1/cmr/m/it --> EU1/TimesNewRoman(0)/m/it on input lin
e 43.
LaTeX Font Info:    Overwriting math alphabet `\mathbf' in version `normal'
(Font)                  OT1/cmr/bx/n --> EU1/TimesNewRoman(0)/bx/n on input lin
e 43.
LaTeX Font Info:    Overwriting math alphabet `\mathsf' in version `normal'
(Font)                  OT1/cmss/m/n --> EU1/lmss/m/n on input line 43.
LaTeX Font Info:    Overwriting math alphabet `\mathtt' in version `normal'
(Font)                  OT1/cmtt/m/n --> EU1/lmtt/m/n on input line 43.
LaTeX Font Info:    Overwriting symbol font `operators' in version `bold'
(Font)                  EU1/TimesNewRoman(0)/m/n --> EU1/TimesNewRoman(0)/bx/n 
on input line 43.
LaTeX Font Info:    Overwriting math alphabet `\mathit' in version `bold'
(Font)                  OT1/cmr/bx/it --> EU1/TimesNewRoman(0)/bx/it on input l
ine 43.
LaTeX Font Info:    Overwriting math alphabet `\mathsf' in version `bold'
(Font)                  OT1/cmss/bx/n --> EU1/lmss/bx/n on input line 43.
LaTeX Font Info:    Overwriting math alphabet `\mathtt' in version `bold'
(Font)                  OT1/cmtt/m/n --> EU1/lmtt/bx/n on input line 43.
Package caption Info: Begin \AtBeginDocument code.
Package caption Info: subfig package v1.3 is loaded.
Package caption Info: float package is loaded.
Package caption Info: hyperref package is loaded.
Package caption Info: longtable package is loaded.

(C:\Users\ruoss\AppData\Roaming\MiKTeX\2.9\tex\latex\caption\ltcaption.sty
Package: ltcaption 2013/02/03 v1.3-62 longtable captions (AR)
)
Package caption Info: sidecap package is loaded.
Package caption Info: wrapfig package is loaded.
Package caption Info: End \AtBeginDocument code.

(C:\Users\ruoss\AppData\Roaming\MiKTeX\2.9\tex\latex\ms\ragged2e.sty
Package: ragged2e 2009/05/21 v2.1 ragged2e Package (MS)

(C:\Users\ruoss\AppData\Roaming\MiKTeX\2.9\tex\latex\ms\everysel.sty
Package: everysel 2011/10/28 v1.2 EverySelectfont Package (MS)

ABD: EverySelectfont initializing macros
LaTeX Info: Redefining \selectfont on input line 126.
)
\CenteringLeftskip=\skip73
\RaggedLeftLeftskip=\skip74
\RaggedRightLeftskip=\skip75
\CenteringRightskip=\skip76
\RaggedLeftRightskip=\skip77
\RaggedRightRightskip=\skip78
\CenteringParfillskip=\skip79
\RaggedLeftParfillskip=\skip80
\RaggedRightParfillskip=\skip81
\JustifyingParfillskip=\skip82
\CenteringParindent=\skip83
\RaggedLeftParindent=\skip84
\RaggedRightParindent=\skip85
\JustifyingParindent=\skip86
)
\AtBeginShipoutBox=\box55
Package hyperref Info: Link coloring ON on input line 43.

("C:\Program Files (x86)\MiKTeX 2.9\tex\latex\hyperref\nameref.sty"
Package: nameref 2012/10/27 v2.43 Cross-referencing by name of section

("C:\Program Files (x86)\MiKTeX 2.9\tex\generic\oberdiek\gettitlestring.sty"
Package: gettitlestring 2010/12/03 v1.4 Cleanup title references (HO)
)
\c@section@level=\count169
)
LaTeX Info: Redefining \ref on input line 43.
LaTeX Info: Redefining \pageref on input line 43.
LaTeX Info: Redefining \nameref on input line 43.

(Theorie_Jena.out) (Theorie_Jena.out)
\@outlinefile=\write3


Package scrpage2 Warning: seems you are using a very small headheight.
(scrpage2)                If you get overfull \vbox warnings at almost every
(scrpage2)                page, you should increase headheight e.g. writing
(scrpage2)                 \setlength{\headheight}{1.1\baselineskip}
(scrpage2)                into the preamble of your document.
(scrpage2)                A better solution would be to use typearea package.

Requested font "[lmsans12-regular]:mapping=tex-text" at 12.0pt
 -> C:/Program Files (x86)/MiKTeX 2.9/fonts/opentype/public/lm/lmsans12-regular
.otf
Requested font "[lmsans10-bold]:mapping=tex-text" at 12.0pt
 -> C:/Program Files (x86)/MiKTeX 2.9/fonts/opentype/public/lm/lmsans10-bold.ot
f
Requested font "Times New Roman/B/OT:script=latn;language=DFLT;mapping=tex-text
;mapping=tex-text;" at 12.0pt
 -> Ý^^A/Windows/Fonts/timesbd.ttf
Requested font "Times New Roman/B/OT:script=latn;language=DFLT;mapping=tex-text
;mapping=tex-text;" at 24.88pt
 -> (^^B/Windows/Fonts/timesbd.ttf
Requested font "Times New Roman/B/OT:script=latn;language=DFLT;mapping=tex-text
;mapping=tex-text;" at 14.4pt
 -> ,^^C/Windows/Fonts/timesbd.ttf
Requested font "Times New Roman/B/OT:script=latn;language=DFLT;mapping=tex-text
;mapping=tex-text;" at 17.28pt
 -> J^^C/Windows/Fonts/timesbd.ttf
Requested font "Times New Roman/OT:script=latn;language=DFLT;mapping=tex-text;m
apping=tex-text;" at 17.28pt
 -> h^^C/Windows/Fonts/times.ttf
Requested font "cmmi12" at 17.28pt
Requested font "cmmi12" at 12.0pt
Requested font "cmsy10" at 17.28pt
Requested font "cmsy10" at 12.0pt
Requested font "cmex10" at 17.28pt
Requested font "cmex10" at 12.0pt
LaTeX Font Info:    Try loading font information for U+msa on input line 75.
("C:\Program Files (x86)\MiKTeX 2.9\tex\latex\amsfonts\umsa.fd"
File: umsa.fd 2013/01/14 v3.01 AMS symbols A
)
Requested font "msam10" at 17.28pt
Requested font "msam10" at 12.0pt
Requested font "msam10" at 10.0pt
LaTeX Font Info:    Try loading font information for U+msb on input line 75.

("C:\Program Files (x86)\MiKTeX 2.9\tex\latex\amsfonts\umsb.fd"
File: umsb.fd 2013/01/14 v3.01 AMS symbols B
)
Requested font "msbm10" at 17.28pt
Requested font "msbm10" at 12.0pt
Requested font "msbm10" at 10.0pt
Requested font "cmr17" at 17.28pt

("C:\Program Files (x86)\MiKTeX 2.9\tex\generic\oberdiek\se-ascii-print.def"
File: se-ascii-print.def 2011/12/02 v1.10 stringenc: Printable ASCII characters

)
[1





] [2]
No file abstract.tex.
[1


] (Theorie_Jena.toc)
\tf@toc=\write4
LaTeX Font Info:    Font shape `EU1/TimesNewRoman(0)/m/sl' in size <12> not ava
ilable
(Font)              Font shape `EU1/TimesNewRoman(0)/m/it' tried instead on inp
ut line 91.
Requested font "Times New Roman/I/OT:script=latn;language=DFLT;mapping=tex-text
;mapping=tex-text;" at 12.0pt
 -> ×^^V/Windows/Fonts/timesi.ttf
Requested font "Times New Roman/OT:script=latn;language=DFLT;mapping=tex-text;m
apping=tex-text;" at 8.0pt
 -> ú^^V/Windows/Fonts/times.ttf
Requested font "Times New Roman/OT:script=latn;language=DFLT;mapping=tex-text;m
apping=tex-text;" at 6.0pt
 -> ^^X^^W/Windows/Fonts/times.ttf
Requested font "cmmi8" at 8.0pt
Requested font "cmmi6" at 6.0pt
Requested font "cmsy8" at 8.0pt
Requested font "cmsy6" at 6.0pt
Requested font "cmex8" at 8.0pt
Requested font "cmex7" at 6.0pt
Requested font "msam10" at 8.0pt
Requested font "msam7" at 6.0pt
Requested font "msbm10" at 8.0pt
Requested font "msbm7" at 6.0pt
Requested font "cmr8" at 8.0pt
Requested font "cmr6" at 6.0pt

Overfull \vbox (18.59328pt too high) has occurred while \output is active []


[1


] [1]
No file Einleitung.tex.
Package atveryend Info: Empty hook `BeforeClearDocument' on input line 106.
Package atveryend Info: Empty hook `AfterLastShipout' on input line 106.
(Theorie_Jena.aux (abstract.aux) (Einleitung.aux))
Package atveryend Info: Empty hook `AtVeryEndDocument' on input line 106.
Package atveryend Info: Empty hook `AtEndAfterFileList' on input line 106.
Package atveryend Info: Empty hook `AtVeryVeryEnd' on input line 106.
 ) 
Here is how much of TeX's memory you used:
 26797 strings out of 428760
 481729 string characters out of 3163264
 608955 words of memory out of 3000000
 29871 multiletter control sequences out of 15000+200000
 10783 words of font info for 64 fonts, out of 3000000 for 9000
 1099 hyphenation exceptions out of 8191
 58i,11n,66p,10401b,422s stack positions out of 5000i,500n,10000p,200000b,50000s

Output written on Theorie_Jena.pdf (5 pages).
